android/app/build/intermediates/manifest_merge_blame_file/release/processReleaseMainManifest/manifest-merger-blame-release-report.txt
1<?xml version="1.0" encoding="utf-8"?>
2<manifest xmlns:android="http://schemas.android.com/apk/res/android"
3    package="com.example.chesslock"
4    android:versionCode="1"
5    android:versionName="1.0" >
6
7    <uses-sdk
8        android:minSdkVersion="24"
9        android:targetSdkVersion="36" />
10
11    <!-- CRITICAL: Android 13+ requirement for Tecno/Infinix devices -->
12    <queries>
12-->src\main\AndroidManifest.xml:4:5-9:15
13        <package android:name="com.android.settings" />
13-->src\main\AndroidManifest.xml:5:9-55
13-->src\main\AndroidManifest.xml:5:18-53
14
15        <intent>
15-->src\main\AndroidManifest.xml:6:9-8:18
16            <action android:name="android.intent.action.MAIN" />
16-->src\main\AndroidManifest.xml:7:13-65
16-->src\main\AndroidManifest.xml:7:21-62
17        </intent>
18    </queries>
19
20    <!-- Permissions for lockscreen functionality -->
21    <uses-permission android:name="android.permission.RECEIVE_BOOT_COMPLETED" />
21-->src\main\AndroidManifest.xml:12:5-81
21-->src\main\AndroidManifest.xml:12:22-78
22    <uses-permission android:name="android.permission.FOREGROUND_SERVICE" />
22-->src\main\AndroidManifest.xml:13:5-77
22-->src\main\AndroidManifest.xml:13:22-74
23    <uses-permission android:name="android.permission.FOREGROUND_SERVICE_SPECIAL_USE" />
23-->src\main\AndroidManifest.xml:14:5-89
23-->src\main\AndroidManifest.xml:14:22-86
24    <uses-permission android:name="android.permission.POST_NOTIFICATIONS" />
24-->src\main\AndroidManifest.xml:15:5-77
24-->src\main\AndroidManifest.xml:15:22-74
25    <uses-permission android:name="android.permission.CAMERA" />
25-->src\main\AndroidManifest.xml:16:5-65
25-->src\main\AndroidManifest.xml:16:22-62
26    <uses-permission android:name="android.permission.FLASHLIGHT" />
26-->src\main\AndroidManifest.xml:17:5-69
26-->src\main\AndroidManifest.xml:17:22-66
27    <uses-permission android:name="android.permission.CALL_PHONE" />
27-->src\main\AndroidManifest.xml:18:5-69
27-->src\main\AndroidManifest.xml:18:22-66
28    <uses-permission android:name="android.permission.READ_PHONE_STATE" />
28-->src\main\AndroidManifest.xml:19:5-75
28-->src\main\AndroidManifest.xml:19:22-72
29    <uses-permission android:name="android.permission.WAKE_LOCK" />
29-->src\main\AndroidManifest.xml:20:5-68
29-->src\main\AndroidManifest.xml:20:22-65
30    <uses-permission android:name="android.permission.DISABLE_KEYGUARD" />
30-->src\main\AndroidManifest.xml:21:5-75
30-->src\main\AndroidManifest.xml:21:22-72
31    <uses-permission android:name="android.permission.SYSTEM_ALERT_WINDOW" />
31-->src\main\AndroidManifest.xml:22:5-78
31-->src\main\AndroidManifest.xml:22:22-75
32
33    <uses-feature
33-->src\main\AndroidManifest.xml:24:5-85
34        android:name="android.hardware.camera"
34-->src\main\AndroidManifest.xml:24:19-57
35        android:required="false" />
35-->src\main\AndroidManifest.xml:24:58-82
36    <uses-feature
36-->src\main\AndroidManifest.xml:25:5-91
37        android:name="android.hardware.camera.flash"
37-->src\main\AndroidManifest.xml:25:19-63
38        android:required="false" />
38-->src\main\AndroidManifest.xml:25:64-88
39
40    <permission
40-->[androidx.core:core:1.12.0] AndroidManifest.xml:22:5-24:47
41        android:name="com.example.chesslock.DYNAMIC_RECEIVER_NOT_EXPORTED_PERMISSION"
41-->[androidx.core:core:1.12.0] AndroidManifest.xml:23:9-81
42        android:protectionLevel="signature" />
42-->[androidx.core:core:1.12.0] AndroidManifest.xml:24:9-44
43
44    <uses-permission android:name="com.example.chesslock.DYNAMIC_RECEIVER_NOT_EXPORTED_PERMISSION" />
44-->[androidx.core:core:1.12.0] AndroidManifest.xml:26:5-97
44-->[androidx.core:core:1.12.0] AndroidManifest.xml:26:22-94
45
46    <application
46-->src\main\AndroidManifest.xml:27:5-104:19
47        android:appComponentFactory="androidx.core.app.CoreComponentFactory"
47-->[androidx.core:core:1.12.0] AndroidManifest.xml:28:18-86
48        android:extractNativeLibs="false"
49        android:icon="@mipmap/ic_launcher"
49-->src\main\AndroidManifest.xml:29:9-43
50        android:label="ChessLock" >
50-->src\main\AndroidManifest.xml:28:9-34
51        <activity
51-->src\main\AndroidManifest.xml:30:9-41:20
52            android:name="com.example.chesslock.MainActivity"
52-->src\main\AndroidManifest.xml:31:13-41
53            android:configChanges="orientation|keyboardHidden|keyboard|screenSize"
53-->src\main\AndroidManifest.xml:35:13-83
54            android:exported="true"
54-->src\main\AndroidManifest.xml:32:13-36
55            android:hardwareAccelerated="true"
55-->src\main\AndroidManifest.xml:36:13-47
56            android:launchMode="singleTop"
56-->src\main\AndroidManifest.xml:33:13-43
57            android:theme="@android:style/Theme.Material.Light.NoActionBar" >
57-->src\main\AndroidManifest.xml:34:13-76
58            <intent-filter>
58-->src\main\AndroidManifest.xml:37:13-40:29
59                <action android:name="android.intent.action.MAIN" />
59-->src\main\AndroidManifest.xml:7:13-65
59-->src\main\AndroidManifest.xml:7:21-62
60
61                <category android:name="android.intent.category.LAUNCHER" />
61-->src\main\AndroidManifest.xml:39:17-76
61-->src\main\AndroidManifest.xml:39:27-74
62            </intent-filter>
63        </activity>
64
65        <!-- Transparent helper Activity to dismiss keyguard -->
66        <activity
66-->src\main\AndroidManifest.xml:44:9-49:40
67            android:name="com.example.chesslock.KeyguardDismissActivity"
67-->src\main\AndroidManifest.xml:45:13-52
68            android:excludeFromRecents="true"
68-->src\main\AndroidManifest.xml:47:13-46
69            android:exported="false"
69-->src\main\AndroidManifest.xml:49:13-37
70            android:noHistory="true"
70-->src\main\AndroidManifest.xml:48:13-37
71            android:theme="@android:style/Theme.Translucent.NoTitleBar" />
71-->src\main\AndroidManifest.xml:46:13-72
72
73        <!-- Device Admin Receiver for lockscreen functionality -->
74        <receiver
74-->src\main\AndroidManifest.xml:52:9-62:20
75            android:name="com.example.chesslock.ChessLockAdminReceiver"
75-->src\main\AndroidManifest.xml:53:13-51
76            android:exported="true"
76-->src\main\AndroidManifest.xml:55:13-36
77            android:permission="android.permission.BIND_DEVICE_ADMIN" >
77-->src\main\AndroidManifest.xml:54:13-70
78            <meta-data
78-->src\main\AndroidManifest.xml:56:13-58:56
79                android:name="android.app.device_admin"
79-->src\main\AndroidManifest.xml:57:17-56
80                android:resource="@xml/device_admin" />
80-->src\main\AndroidManifest.xml:58:17-53
81
82            <intent-filter>
82-->src\main\AndroidManifest.xml:59:13-61:29
83                <action android:name="android.app.action.DEVICE_ADMIN_ENABLED" />
83-->src\main\AndroidManifest.xml:60:17-82
83-->src\main\AndroidManifest.xml:60:25-79
84            </intent-filter>
85        </receiver>
86
87        <!-- Boot Receiver - Auto-start lockscreen on device boot -->
88        <receiver
88-->src\main\AndroidManifest.xml:65:9-73:20
89            android:name="com.example.chesslock.BootReceiver"
89-->src\main\AndroidManifest.xml:66:13-41
90            android:enabled="true"
90-->src\main\AndroidManifest.xml:67:13-35
91            android:exported="true" >
91-->src\main\AndroidManifest.xml:68:13-36
92            <intent-filter>
92-->src\main\AndroidManifest.xml:69:13-72:29
93                <action android:name="android.intent.action.BOOT_COMPLETED" />
93-->src\main\AndroidManifest.xml:70:17-79
93-->src\main\AndroidManifest.xml:70:25-76
94                <action android:name="android.intent.action.QUICKBOOT_POWERON" />
94-->src\main\AndroidManifest.xml:71:17-82
94-->src\main\AndroidManifest.xml:71:25-79
95            </intent-filter>
96        </receiver>
97
98        <!-- Lockscreen Service - Uses ScreenStateReceiver for Tecno compatibility -->
99        <service
99-->src\main\AndroidManifest.xml:76:9-84:19
100            android:name="com.example.chesslock.LockscreenService"
100-->src\main\AndroidManifest.xml:77:13-46
101            android:enabled="true"
101-->src\main\AndroidManifest.xml:78:13-35
102            android:exported="false"
102-->src\main\AndroidManifest.xml:79:13-37
103            android:foregroundServiceType="specialUse" >
103-->src\main\AndroidManifest.xml:80:13-55
104            <property
104-->src\main\AndroidManifest.xml:81:13-83:46
105                android:name="android.app.PROPERTY_SPECIAL_USE_FGS_SUBTYPE"
105-->src\main\AndroidManifest.xml:82:17-76
106                android:value="lockscreen" />
106-->src\main\AndroidManifest.xml:83:17-43
107        </service>
108
109        <!--
110            Accessibility Service - OPTIONAL (kept for backward compatibility)
111            NOT REQUIRED on Tecno/Infinix devices!
112            The app now uses ScreenStateReceiver instead which works on ALL devices.
113        -->
114        <service
114-->src\main\AndroidManifest.xml:91:9-102:19
115            android:name="com.example.chesslock.ChessLockAccessibilityService"
115-->src\main\AndroidManifest.xml:92:13-58
116            android:enabled="false"
116-->src\main\AndroidManifest.xml:94:13-36
117            android:exported="false"
117-->src\main\AndroidManifest.xml:95:13-37
118            android:permission="android.permission.BIND_ACCESSIBILITY_SERVICE" >
118-->src\main\AndroidManifest.xml:93:13-79
119            <intent-filter>
119-->src\main\AndroidManifest.xml:96:13-98:29
120                <action android:name="android.accessibilityservice.AccessibilityService" />
120-->src\main\AndroidManifest.xml:97:17-92
120-->src\main\AndroidManifest.xml:97:25-89
121            </intent-filter>
122
123            <meta-data
123-->src\main\AndroidManifest.xml:99:13-101:72
124                android:name="android.accessibilityservice"
124-->src\main\AndroidManifest.xml:100:17-60
125                android:resource="@xml/accessibility_service_config" />
125-->src\main\AndroidManifest.xml:101:17-69
126        </service>
127
128        <provider
128-->[androidx.emoji2:emoji2:1.2.0] AndroidManifest.xml:24:9-32:20
129            android:name="androidx.startup.InitializationProvider"
129-->[androidx.emoji2:emoji2:1.2.0] AndroidManifest.xml:25:13-67
130            android:authorities="com.example.chesslock.androidx-startup"
130-->[androidx.emoji2:emoji2:1.2.0] AndroidManifest.xml:26:13-68
131            android:exported="false" >
131-->[androidx.emoji2:emoji2:1.2.0] AndroidManifest.xml:27:13-37
132            <meta-data
132-->[androidx.emoji2:emoji2:1.2.0] AndroidManifest.xml:29:13-31:52
133                android:name="androidx.emoji2.text.EmojiCompatInitializer"
133-->[androidx.emoji2:emoji2:1.2.0] AndroidManifest.xml:30:17-75
134                android:value="androidx.startup" />
134-->[androidx.emoji2:emoji2:1.2.0] AndroidManifest.xml:31:17-49
135            <meta-data
135-->[androidx.lifecycle:lifecycle-process:2.4.1] AndroidManifest.xml:31:13-33:52
136                android:name="androidx.lifecycle.ProcessLifecycleInitializer"
136-->[androidx.lifecycle:lifecycle-process:2.4.1] AndroidManifest.xml:32:17-78
137                android:value="androidx.startup" />
137-->[androidx.lifecycle:lifecycle-process:2.4.1] AndroidManifest.xml:33:17-49
138        </provider>
139    </application>
140
141</manifest>